SF:lib\common\exception.dart
DA:6,2
LF:1
LH:1
end_of_record
SF:lib\data\datasources\movie_local_data_source.dart
DA:19,1
DA:22,1
DA:24,3
DA:27,2
DA:32,1
DA:34,3
DA:37,2
DA:42,1
DA:43,3
DA:45,1
DA:52,1
DA:53,3
DA:54,4
DA:58,1
DA:60,1
DA:61,1
DA:62,1
DA:63,1
DA:64,1
DA:67,3
DA:70,2
DA:75,1
DA:77,1
DA:78,1
DA:79,1
DA:80,1
DA:81,1
DA:84,3
DA:87,2
LF:29
LH:29
end_of_record
SF:lib\data\models\movie_table.dart
DA:12,2
DA:20,2
DA:21,1
DA:22,1
DA:23,1
DA:24,1
DA:28,2
DA:29,1
DA:30,1
DA:31,1
DA:32,1
DA:33,1
DA:36,0
DA:37,0
DA:38,0
DA:39,0
DA:40,0
DA:41,0
DA:44,2
DA:45,1
DA:46,1
DA:47,1
DA:48,1
DA:49,1
DA:52,2
DA:54,12
LF:26
LH:20
end_of_record
SF:lib\data\models\tv_table.dart
DA:12,2
DA:20,2
DA:21,1
DA:22,1
DA:23,1
DA:24,1
DA:28,0
DA:29,0
DA:30,0
DA:31,0
DA:32,0
DA:33,0
DA:36,0
DA:37,0
DA:38,0
DA:39,0
DA:40,0
DA:41,0
DA:44,0
DA:45,0
DA:46,0
DA:47,0
DA:48,0
DA:49,0
DA:52,1
DA:54,6
LF:26
LH:8
end_of_record
SF:lib\domain\entities\genre.dart
DA:4,8
DA:12,1
DA:13,3
LF:3
LH:3
end_of_record
SF:lib\domain\entities\movie.dart
DA:4,9
DA:21,1
DA:44,8
DA:45,8
DA:46,8
DA:47,8
DA:48,8
DA:49,8
DA:50,8
DA:51,8
DA:52,8
DA:53,8
DA:54,8
DA:55,8
DA:56,8
DA:57,8
DA:58,8
DA:59,8
LF:18
LH:18
end_of_record
SF:lib\domain\entities\movie_detail.dart
DA:5,6
DA:33,2
DA:34,2
DA:35,2
DA:36,2
DA:37,2
DA:38,2
DA:39,2
DA:40,2
DA:41,2
DA:42,2
DA:43,2
DA:44,2
DA:45,2
LF:14
LH:14
end_of_record
SF:lib\domain\entities\tv.dart
DA:4,7
DA:21,0
DA:44,7
DA:45,7
DA:46,7
DA:47,7
DA:48,7
DA:49,7
DA:50,7
DA:51,7
DA:52,7
DA:53,7
DA:54,7
DA:55,7
DA:56,7
DA:57,7
DA:58,7
DA:59,7
LF:18
LH:17
end_of_record
SF:lib\domain\entities\tv_detail.dart
DA:5,7
DA:31,2
DA:32,2
DA:33,2
DA:34,2
DA:35,2
DA:36,2
DA:37,2
DA:38,2
DA:39,2
DA:40,2
DA:41,2
DA:42,2
DA:43,2
LF:14
LH:14
end_of_record
SF:lib\common\failure.dart
DA:6,15
DA:8,1
DA:9,2
DA:13,30
DA:17,2
DA:21,2
DA:25,0
LF:7
LH:6
end_of_record
SF:lib\data\datasources\db\database_helper.dart
DA:8,0
DA:12,0
DA:16,0
DA:18,0
DA:25,0
DA:26,0
DA:27,0
DA:29,0
DA:33,0
DA:34,0
DA:42,0
DA:45,0
DA:46,0
DA:47,0
DA:50,0
DA:51,0
DA:52,0
DA:55,0
DA:59,0
DA:60,0
DA:61,0
DA:64,0
DA:67,0
DA:68,0
DA:74,0
DA:75,0
DA:76,0
LF:27
LH:0
end_of_record
SF:lib\data\datasources\movie_remote_data_source.dart
DA:35,1
DA:38,1
DA:40,5
DA:42,2
DA:43,4
DA:45,1
DA:50,1
DA:52,5
DA:54,2
DA:55,3
DA:57,1
DA:62,1
DA:63,2
DA:64,3
DA:66,2
DA:67,4
DA:69,1
DA:74,1
DA:76,5
DA:78,2
DA:79,4
DA:81,1
DA:86,1
DA:88,5
DA:90,2
DA:91,4
DA:93,1
DA:98,1
DA:99,2
DA:100,3
DA:102,2
DA:103,4
DA:105,1
DA:110,1
DA:112,5
DA:114,2
DA:115,4
DA:117,1
DA:122,1
DA:124,5
DA:126,2
DA:127,3
DA:129,1
DA:134,1
DA:135,2
DA:136,3
DA:138,2
DA:139,4
DA:141,1
DA:146,1
DA:148,5
DA:150,2
DA:151,4
DA:153,1
DA:158,1
DA:160,5
DA:162,2
DA:163,4
DA:165,1
DA:170,1
DA:171,2
DA:172,3
DA:174,2
DA:175,4
DA:177,1
LF:65
LH:65
end_of_record
SF:lib\data\models\movie_detail_model.dart
DA:6,2
DA:52,1
DA:53,1
DA:54,1
DA:55,1
DA:56,1
DA:57,1
DA:58,4
DA:59,1
DA:60,1
DA:61,1
DA:62,1
DA:63,1
DA:64,1
DA:65,2
DA:66,1
DA:67,1
DA:68,1
DA:69,1
DA:70,1
DA:71,1
DA:72,1
DA:73,1
DA:74,2
DA:75,1
DA:78,0
DA:79,0
DA:80,0
DA:81,0
DA:82,0
DA:83,0
DA:84,0
DA:85,0
DA:86,0
DA:87,0
DA:88,0
DA:89,0
DA:90,0
DA:91,0
DA:92,0
DA:93,0
DA:94,0
DA:95,0
DA:96,0
DA:97,0
DA:98,0
DA:99,0
DA:102,1
DA:103,1
DA:104,1
DA:105,1
DA:106,5
DA:107,1
DA:108,1
DA:109,1
DA:110,1
DA:111,1
DA:112,1
DA:113,1
DA:114,1
DA:115,1
DA:119,1
DA:121,1
DA:122,1
DA:123,1
DA:124,1
DA:125,1
DA:126,1
DA:127,1
DA:128,1
DA:129,1
DA:130,1
DA:131,1
DA:132,1
DA:133,1
DA:134,1
DA:135,1
DA:136,1
DA:137,1
DA:138,1
DA:139,1
DA:140,1
DA:141,1
DA:142,1
LF:84
LH:62
end_of_record
SF:lib\data\models\movie_model.dart
DA:5,4
DA:35,4
DA:36,2
DA:37,2
DA:38,8
DA:39,2
DA:40,2
DA:41,2
DA:42,4
DA:43,2
DA:44,2
DA:45,2
DA:46,2
DA:47,4
DA:48,2
DA:51,2
DA:52,1
DA:53,1
DA:54,4
DA:55,1
DA:56,1
DA:57,1
DA:58,1
DA:59,1
DA:60,1
DA:61,1
DA:62,1
DA:63,1
DA:64,1
DA:67,2
DA:68,2
DA:69,2
DA:70,2
DA:71,2
DA:72,2
DA:73,2
DA:74,2
DA:75,2
DA:76,2
DA:77,2
DA:78,2
DA:79,2
DA:80,2
DA:81,2
DA:86,2
DA:87,2
DA:88,2
DA:89,2
DA:90,2
DA:91,2
DA:92,2
DA:93,2
DA:94,2
DA:95,2
DA:96,2
DA:97,2
DA:98,2
DA:99,2
DA:100,2
LF:59
LH:59
end_of_record
SF:lib\data\models\tv_detail_model.dart
DA:6,2
DA:60,2
DA:61,1
DA:62,1
DA:63,4
DA:64,2
DA:65,5
DA:66,1
DA:67,1
DA:68,1
DA:69,4
DA:70,2
DA:71,1
DA:72,1
DA:73,1
DA:74,1
DA:75,4
DA:76,1
DA:77,1
DA:78,1
DA:79,2
DA:80,1
DA:81,1
DA:82,1
DA:83,1
DA:84,2
DA:85,1
DA:88,0
DA:89,0
DA:90,0
DA:91,0
DA:92,0
DA:93,0
DA:94,0
DA:95,0
DA:96,0
DA:97,0
DA:98,0
DA:99,0
DA:100,0
DA:101,0
DA:102,0
DA:103,0
DA:104,0
DA:105,0
DA:106,0
DA:107,0
DA:108,0
DA:109,0
DA:110,0
DA:111,0
DA:112,0
DA:113,0
DA:116,1
DA:117,1
DA:118,1
DA:119,1
DA:120,5
DA:121,1
DA:122,1
DA:123,1
DA:124,1
DA:125,1
DA:126,1
DA:127,1
DA:128,1
DA:132,1
DA:133,1
DA:134,1
DA:135,1
DA:136,1
DA:137,1
DA:138,1
DA:139,1
DA:140,1
DA:141,1
DA:142,1
DA:143,1
DA:144,1
DA:145,1
DA:146,1
DA:147,1
DA:148,1
DA:149,1
DA:150,1
DA:151,1
DA:152,1
DA:153,1
DA:154,1
DA:155,1
DA:156,1
DA:157,1
DA:158,1
LF:93
LH:67
end_of_record
SF:lib\data\models\tv_model.dart
DA:5,4
DA:35,4
DA:36,2
DA:37,2
DA:38,8
DA:39,2
DA:40,2
DA:41,8
DA:42,2
DA:43,2
DA:44,2
DA:45,4
DA:46,2
DA:47,4
DA:48,2
DA:51,2
DA:52,1
DA:53,1
DA:54,4
DA:55,1
DA:56,1
DA:57,4
DA:58,1
DA:59,1
DA:60,1
DA:61,1
DA:62,1
DA:63,1
DA:64,1
DA:67,2
DA:68,2
DA:69,2
DA:70,2
DA:71,2
DA:72,2
DA:73,2
DA:74,2
DA:75,2
DA:76,2
DA:77,2
DA:78,2
DA:79,2
DA:80,2
DA:81,2
DA:86,2
DA:87,2
DA:88,2
DA:89,2
DA:90,2
DA:91,2
DA:92,2
DA:93,2
DA:94,2
DA:95,2
DA:96,2
DA:97,2
DA:98,2
DA:99,2
DA:100,2
LF:59
LH:59
end_of_record
SF:lib\data\models\movie_response.dart
DA:7,2
DA:9,4
DA:10,4
DA:11,6
DA:12,6
DA:13,2
DA:16,2
DA:17,5
DA:20,1
DA:21,2
LF:10
LH:10
end_of_record
SF:lib\data\models\tv_response.dart
DA:7,2
DA:9,4
DA:10,4
DA:11,6
DA:12,6
DA:13,2
DA:16,2
DA:17,5
DA:20,1
DA:21,2
LF:10
LH:10
end_of_record
SF:lib\data\models\genre_model.dart
DA:5,2
DA:13,2
DA:14,1
DA:15,1
DA:18,0
DA:19,0
DA:20,0
DA:23,1
DA:24,3
DA:27,1
DA:28,3
LF:11
LH:8
end_of_record
SF:lib\data\repositories\movie_repository_impl.dart
DA:20,1
DA:26,1
DA:28,3
DA:29,5
DA:30,1
DA:31,2
DA:32,1
DA:33,2
DA:34,0
DA:35,0
DA:40,1
DA:42,3
DA:43,2
DA:44,1
DA:45,2
DA:46,1
DA:47,2
DA:48,0
DA:49,0
DA:54,1
DA:56,3
DA:57,3
DA:58,1
DA:59,2
DA:60,1
DA:61,2
DA:62,0
DA:63,0
DA:68,1
DA:70,3
DA:71,5
DA:72,1
DA:73,2
DA:74,1
DA:75,2
DA:76,0
DA:77,0
DA:82,1
DA:84,3
DA:85,5
DA:86,1
DA:87,2
DA:88,1
DA:89,2
DA:90,0
DA:91,0
DA:96,1
DA:98,3
DA:99,5
DA:100,1
DA:101,2
DA:102,1
DA:103,2
DA:104,0
DA:105,0
DA:110,1
DA:113,4
DA:114,1
DA:115,1
DA:116,3
DA:125,1
DA:128,4
DA:129,1
DA:130,1
DA:131,3
DA:132,0
DA:133,0
DA:138,1
DA:139,3
DA:144,1
DA:145,3
DA:146,5
DA:150,1
DA:152,3
DA:153,5
DA:154,1
DA:155,2
DA:156,1
DA:157,2
DA:158,0
DA:159,0
DA:164,1
DA:166,3
DA:167,3
DA:168,1
DA:169,2
DA:170,1
DA:171,2
DA:172,0
DA:173,0
DA:178,1
DA:180,3
DA:181,5
DA:182,1
DA:183,2
DA:184,1
DA:185,2
DA:186,0
DA:187,0
DA:192,1
DA:194,3
DA:195,5
DA:196,1
DA:197,2
DA:198,1
DA:199,2
DA:200,0
DA:201,0
DA:206,1
DA:208,3
DA:209,2
DA:210,1
DA:211,2
DA:212,1
DA:213,2
DA:214,0
DA:215,0
DA:220,1
DA:223,4
DA:224,1
DA:225,1
DA:226,3
DA:233,1
DA:236,4
DA:237,1
DA:238,1
DA:239,3
DA:244,1
DA:246,3
DA:247,5
DA:248,1
DA:249,2
DA:250,1
DA:251,2
DA:252,0
DA:253,0
LF:136
LH:110
end_of_record
SF:lib\domain\usecases\get_movie_detail.dart
DA:9,1
DA:11,1
DA:12,2
LF:3
LH:3
end_of_record
SF:lib\domain\usecases\get_movie_recommendations.dart
DA:9,1
DA:11,1
DA:12,2
LF:3
LH:3
end_of_record
SF:lib\domain\usecases\get_now_playing_movies.dart
DA:9,1
DA:11,1
DA:12,2
LF:3
LH:3
end_of_record
SF:lib\domain\usecases\get_now_playing_tvs.dart
DA:9,1
DA:11,1
DA:12,2
LF:3
LH:3
end_of_record
SF:lib\domain\usecases\get_popular_movies.dart
DA:9,1
DA:11,1
DA:12,2
LF:3
LH:3
end_of_record
SF:lib\domain\usecases\get_popular_tvs.dart
DA:9,1
DA:11,1
DA:12,2
LF:3
LH:3
end_of_record
SF:lib\domain\usecases\get_top_rated_movies.dart
DA:9,1
DA:11,1
DA:12,2
LF:3
LH:3
end_of_record
SF:lib\domain\usecases\get_top_rated_tvs.dart
DA:9,1
DA:11,1
DA:12,2
LF:3
LH:3
end_of_record
SF:lib\domain\usecases\get_tv_detail.dart
DA:9,1
DA:11,1
DA:12,2
LF:3
LH:3
end_of_record
SF:lib\domain\usecases\get_tv_recommendations.dart
DA:9,1
DA:11,1
DA:12,2
LF:3
LH:3
end_of_record
SF:lib\domain\usecases\get_watchlist_movies.dart
DA:9,1
DA:11,1
DA:12,2
LF:3
LH:3
end_of_record
SF:lib\domain\usecases\get_watchlist_status.dart
DA:6,1
DA:8,1
DA:9,2
LF:3
LH:3
end_of_record
SF:lib\domain\usecases\remove_tv_watchlist.dart
DA:9,1
DA:11,1
DA:12,2
LF:3
LH:3
end_of_record
SF:lib\domain\usecases\remove_watchlist.dart
DA:9,1
DA:11,1
DA:12,2
LF:3
LH:3
end_of_record
SF:lib\domain\usecases\save_tv_watchlist.dart
DA:9,1
DA:11,1
DA:12,2
LF:3
LH:3
end_of_record
SF:lib\domain\usecases\save_watchlist.dart
DA:9,1
DA:11,1
DA:12,2
LF:3
LH:3
end_of_record
SF:lib\domain\usecases\search_movies.dart
DA:9,1
DA:11,1
DA:12,2
LF:3
LH:3
end_of_record
SF:lib\domain\usecases\search_tvs.dart
DA:9,1
DA:11,1
DA:12,2
LF:3
LH:3
end_of_record
SF:lib\presentation\bloc\movie\detail\movie_detail_state.dart
DA:4,1
DA:6,1
DA:7,1
DA:17,1
DA:19,1
DA:20,2
DA:26,1
DA:28,1
DA:29,2
LF:9
LH:9
end_of_record
SF:lib\presentation\bloc\movie\detail\movie_detail_event.dart
DA:4,1
DA:6,0
DA:7,0
DA:13,1
DA:15,0
DA:16,0
LF:6
LH:2
end_of_record
SF:lib\presentation\bloc\movie\detail\movie_detail_bloc.dart
DA:12,3
DA:13,2
DA:14,1
DA:16,2
DA:17,3
DA:19,1
DA:20,1
DA:21,3
DA:23,1
DA:24,2
LF:10
LH:10
end_of_record
SF:lib\presentation\bloc\movie\now_playing\now_playing_movies_state.dart
DA:4,1
DA:6,1
DA:7,1
DA:17,1
DA:19,1
DA:20,2
DA:26,1
DA:28,1
DA:29,2
LF:9
LH:9
end_of_record
SF:lib\presentation\bloc\movie\now_playing\now_playing_movies_bloc.dart
DA:13,3
DA:14,2
DA:15,2
DA:16,3
DA:18,1
DA:19,1
DA:20,3
DA:22,1
DA:23,2
LF:9
LH:9
end_of_record
SF:lib\presentation\bloc\movie\now_playing\now_playing_movies_event.dart
DA:4,1
DA:6,0
DA:7,0
LF:3
LH:1
end_of_record
SF:lib\presentation\bloc\movie\popular\popular_movies_state.dart
DA:4,1
DA:6,1
DA:7,1
DA:17,1
DA:19,1
DA:20,2
DA:26,1
DA:28,1
DA:29,2
LF:9
LH:9
end_of_record
SF:lib\presentation\bloc\movie\popular\popular_movies_bloc.dart
DA:12,3
DA:13,2
DA:14,2
DA:15,3
DA:17,1
DA:18,1
DA:19,3
DA:21,1
DA:22,2
LF:9
LH:9
end_of_record
SF:lib\presentation\bloc\movie\popular\popular_movies_event.dart
DA:4,1
DA:6,0
DA:7,0
LF:3
LH:1
end_of_record
SF:lib\presentation\bloc\movie\recommendation\movie_recommendations_bloc.dart
DA:13,3
DA:14,2
DA:15,1
DA:17,2
DA:18,3
DA:20,1
DA:21,1
DA:22,3
DA:24,1
DA:25,2
LF:10
LH:10
end_of_record
SF:lib\presentation\bloc\movie\recommendation\movie_recommendations_state.dart
DA:4,1
DA:6,1
DA:7,1
DA:17,1
DA:19,1
DA:20,2
DA:26,1
DA:28,1
DA:29,2
LF:9
LH:9
end_of_record
SF:lib\presentation\bloc\movie\recommendation\movie_recommendations_event.dart
DA:4,1
DA:6,0
DA:7,0
DA:13,1
DA:15,0
DA:16,0
LF:6
LH:2
end_of_record
SF:lib\presentation\bloc\movie\top_rated\top_rated_movies_bloc.dart
DA:13,3
DA:14,2
DA:15,2
DA:16,3
DA:18,1
DA:19,1
DA:20,3
DA:22,1
DA:23,2
LF:9
LH:9
end_of_record
SF:lib\presentation\bloc\movie\top_rated\top_rated_movies_state.dart
DA:4,1
DA:6,1
DA:7,1
DA:17,1
DA:19,1
DA:20,2
DA:26,1
DA:28,1
DA:29,2
LF:9
LH:9
end_of_record
SF:lib\presentation\bloc\movie\top_rated\top_rated_movies_event.dart
DA:4,1
DA:6,0
DA:7,0
LF:3
LH:1
end_of_record
SF:lib\presentation\bloc\movie\search\search_movie_state.dart
DA:4,1
DA:6,1
DA:7,1
DA:17,1
DA:19,1
DA:20,2
DA:26,1
DA:28,1
DA:29,2
LF:9
LH:9
end_of_record
SF:lib\presentation\bloc\movie\search\search_movie_event.dart
DA:4,1
DA:6,0
DA:7,0
DA:13,1
DA:15,0
DA:16,0
LF:6
LH:2
end_of_record
SF:lib\presentation\bloc\movie\search\search_movie_bloc.dart
DA:13,3
DA:14,2
DA:15,1
DA:17,2
DA:18,3
DA:20,1
DA:21,1
DA:22,3
DA:24,1
DA:25,2
DA:28,1
DA:32,1
DA:33,3
LF:13
LH:13
end_of_record
SF:lib\presentation\bloc\movie\watchlist\watchlist_movie_event.dart
DA:4,1
DA:6,0
DA:7,0
DA:15,1
DA:17,0
DA:18,0
DA:24,1
DA:26,0
DA:27,0
DA:33,1
DA:35,0
DA:36,0
LF:12
LH:4
end_of_record
SF:lib\presentation\bloc\movie\watchlist\watchlist_movie_state.dart
DA:4,1
DA:6,1
DA:7,1
DA:17,1
DA:19,1
DA:20,2
DA:25,1
DA:27,1
DA:28,2
DA:34,1
DA:36,1
DA:37,2
LF:12
LH:12
end_of_record
SF:lib\presentation\bloc\movie\watchlist\watchlist_movie_bloc.dart
DA:21,1
DA:23,2
DA:24,2
DA:25,1
DA:26,1
DA:28,2
DA:29,3
DA:30,2
DA:31,1
DA:32,1
DA:34,2
DA:35,3
DA:37,1
DA:38,1
DA:39,3
DA:41,1
DA:42,2
DA:45,1
DA:46,1
DA:48,2
DA:49,3
DA:51,1
DA:52,1
DA:53,3
DA:55,1
DA:56,2
DA:59,1
DA:60,2
DA:61,3
DA:63,1
DA:64,1
DA:65,3
DA:67,1
DA:68,2
LF:34
LH:34
end_of_record
SF:lib\presentation\bloc\tv\detail\tv_detail_state.dart
DA:4,1
DA:6,1
DA:7,1
DA:17,1
DA:19,1
DA:20,2
DA:26,1
DA:28,1
DA:29,2
LF:9
LH:9
end_of_record
SF:lib\presentation\bloc\tv\detail\tv_detail_bloc.dart
DA:12,3
DA:13,2
DA:14,1
DA:16,2
DA:17,3
DA:19,1
DA:20,1
DA:21,3
DA:23,1
DA:24,2
LF:10
LH:10
end_of_record
SF:lib\presentation\bloc\tv\detail\tv_detail_event.dart
DA:4,1
DA:6,0
DA:7,0
DA:13,1
DA:15,0
DA:16,0
LF:6
LH:2
end_of_record
SF:lib\presentation\bloc\tv\now_playing\now_playing_tvs_state.dart
DA:4,1
DA:6,1
DA:7,1
DA:17,1
DA:19,1
DA:20,2
DA:26,1
DA:28,1
DA:29,2
LF:9
LH:9
end_of_record
SF:lib\presentation\bloc\tv\now_playing\now_playing_tvs_event.dart
DA:4,1
DA:6,0
DA:7,0
LF:3
LH:1
end_of_record
SF:lib\presentation\bloc\tv\now_playing\now_playing_tvs_bloc.dart
DA:13,3
DA:14,2
DA:15,2
DA:16,3
DA:18,1
DA:19,1
DA:20,3
DA:22,1
DA:23,2
LF:9
LH:9
end_of_record
SF:lib\presentation\bloc\tv\popular\popular_tvs_state.dart
DA:4,1
DA:6,1
DA:7,1
DA:17,1
DA:19,1
DA:20,2
DA:26,1
DA:28,1
DA:29,2
LF:9
LH:9
end_of_record
SF:lib\presentation\bloc\tv\popular\popular_tvs_event.dart
DA:4,1
DA:6,0
DA:7,0
LF:3
LH:1
end_of_record
SF:lib\presentation\bloc\tv\popular\popular_tvs_bloc.dart
DA:13,3
DA:14,2
DA:15,2
DA:16,3
DA:18,1
DA:19,1
DA:20,3
DA:22,1
DA:23,2
LF:9
LH:9
end_of_record
SF:lib\presentation\bloc\tv\recommendations\tv_recommendations_state.dart
DA:4,1
DA:6,1
DA:7,1
DA:17,1
DA:19,1
DA:20,2
DA:26,1
DA:28,1
DA:29,2
LF:9
LH:9
end_of_record
SF:lib\presentation\bloc\tv\recommendations\tv_recommendations_event.dart
DA:4,1
DA:6,0
DA:7,0
DA:13,1
DA:15,0
DA:16,0
LF:6
LH:2
end_of_record
SF:lib\presentation\bloc\tv\recommendations\tv_recommendations_bloc.dart
DA:13,3
DA:14,2
DA:15,1
DA:17,2
DA:18,3
DA:20,1
DA:21,1
DA:22,3
DA:24,1
DA:25,2
LF:10
LH:10
end_of_record
SF:lib\presentation\bloc\tv\search\search_tv_state.dart
DA:4,1
DA:6,1
DA:7,1
DA:17,1
DA:19,1
DA:20,2
DA:26,1
DA:28,1
DA:29,2
LF:9
LH:9
end_of_record
SF:lib\presentation\bloc\tv\search\search_tv_event.dart
DA:4,1
DA:6,0
DA:7,0
DA:13,1
DA:15,0
DA:16,0
LF:6
LH:2
end_of_record
SF:lib\presentation\bloc\tv\search\search_tv_bloc.dart
DA:13,3
DA:14,2
DA:15,1
DA:17,2
DA:18,3
DA:20,1
DA:21,1
DA:22,3
DA:24,1
DA:25,2
DA:28,1
DA:32,1
DA:33,3
LF:13
LH:13
end_of_record
SF:lib\presentation\bloc\tv\top_rated\top_rated_tvs_state.dart
DA:4,1
DA:6,1
DA:7,1
DA:17,1
DA:19,1
DA:20,2
DA:26,1
DA:28,1
DA:29,2
LF:9
LH:9
end_of_record
SF:lib\presentation\bloc\tv\top_rated\top_rated_tvs_bloc.dart
DA:12,3
DA:13,2
DA:14,2
DA:15,3
DA:17,1
DA:18,1
DA:19,3
DA:21,1
DA:22,2
LF:9
LH:9
end_of_record
SF:lib\presentation\bloc\tv\top_rated\top_rated_tvs_event.dart
DA:4,1
DA:6,0
DA:7,0
LF:3
LH:1
end_of_record
SF:lib\presentation\bloc\tv\watchlist\watchlist_tv_event.dart
DA:4,1
DA:6,0
DA:7,0
DA:13,1
DA:15,0
DA:16,0
DA:22,1
DA:24,0
DA:25,0
DA:31,1
DA:33,0
DA:34,0
LF:12
LH:4
end_of_record
SF:lib\presentation\bloc\tv\watchlist\watchlist_tv_state.dart
DA:4,1
DA:6,1
DA:7,1
DA:17,1
DA:19,1
DA:20,2
DA:25,0
DA:27,0
DA:28,0
DA:34,1
DA:36,1
DA:37,2
LF:12
LH:9
end_of_record
SF:lib\presentation\bloc\tv\watchlist\watchlist_tv_bloc.dart
DA:17,1
DA:19,2
DA:20,2
DA:21,1
DA:22,1
DA:24,2
DA:25,3
DA:26,2
DA:27,1
DA:28,1
DA:30,2
DA:31,3
DA:33,1
DA:34,1
DA:35,3
DA:37,1
DA:38,2
DA:41,1
DA:42,1
DA:44,2
DA:45,3
DA:47,1
DA:48,1
DA:49,3
DA:51,1
DA:52,2
LF:26
LH:26
end_of_record
